*** Using Compiler 'V6.23', folder: 'D:\Keil\ARM\ARMCLANG\Bin'
Rebuild target 'robot'
assembling startup_stm32f405xx.s...
compiling freertos.c...
compiling main.c...
compiling stm32f4xx_hal_rcc_ex.c...
compiling stm32f4xx_hal_msp.c...
compiling usart.c...
compiling gpio.c...
compiling stm32f4xx_it.c...
compiling tim.c...
compiling spi.c...
compiling stm32f4xx_hal_flash_ex.c...
compiling stm32f4xx_hal_flash.c...
compiling stm32f4xx_hal_rcc.c...
compiling stm32f4xx_hal_flash_ramfunc.c...
compiling stm32f4xx_hal_gpio.c...
compiling stm32f4xx_hal_dma_ex.c...
compiling stm32f4xx_hal_pwr.c...
compiling stm32f4xx_hal_pwr_ex.c...
compiling stm32f4xx_hal.c...
compiling system_stm32f4xx.c...
compiling stm32f4xx_hal_exti.c...
compiling stm32f4xx_hal_dma.c...
compiling stm32f4xx_hal_cortex.c...
compiling croutine.c...
compiling list.c...
compiling event_groups.c...
compiling stm32f4xx_hal_tim_ex.c...
compiling heap_4.c...
compiling port.c...
compiling timers.c...
compiling stream_buffer.c...
compiling stm32f4xx_hal_spi.c...
compiling queue.c...
compiling stm32f4xx_hal_uart.c...
compiling tasks.c...
compiling stm32f4xx_hal_tim.c...
compiling cmsis_os2.c...
linking...
Program Size: Code=16050 RO-data=506 RW-data=16 ZI-data=20928  
FromELF: creating hex file...
"robot\robot.axf" - 0 Error(s), 0 Warning(s).
Build Time Elapsed:  00:00:02
